-------------------------------------------------------------------------------
Test set: com.tindev.tindevapi.TindevApiApplicationTests
-------------------------------------------------------------------------------
Tests run: 1, Failures: 0, Errors: 1, Skipped: 0, Time elapsed: 3.336 s <<< FAILURE! - in com.tindev.tindevapi.TindevApiApplicationTests
contextLoads  Time elapsed: 0.001 s  <<< ERROR!
java.lang.IllegalStateException: Failed to load ApplicationContext
Caused by: org.springframework.beans.factory.BeanCreationException: Error creating bean with name 'emailService': Injection of autowired dependencies failed; nested exception is java.lang.IllegalArgumentException: Could not resolve placeholder 'spring.mail.username' in value "${spring.mail.username}"
Caused by: java.lang.IllegalArgumentException: Could not resolve placeholder 'spring.mail.username' in value "${spring.mail.username}"

